{
  "RSpec": {
    "coverage": {
      "/Users/jenniferwem/Projects/tic-tac-toe-tech-test/spec/board_spec.rb": [
        1,
        null,
        1,
        3,
        null,
        1,
        1,
        1,
        null,
        null,
        null,
        1,
        1,
        2,
        null,
        null,
        null
      ],
      "/Users/jenniferwem/Projects/tic-tac-toe-tech-test/spec/computer_player_spec.rb": [
        1,
        null,
        1,
        2,
        null,
        1,
        1,
        1,
        null,
        null,
        null
      ],
      "/Users/jenniferwem/Projects/tic-tac-toe-tech-test/spec/game_spec.rb": [
        1,
        null,
        1,
        8,
        null,
        1,
        1,
        1,
        1,
        1,
        null,
        null,
        1,
        1,
        1,
        1,
        null,
        null,
        null,
        1,
        1,
        1,
        1,
        null,
        null,
        null,
        1,
        1,
        1,
        null,
        null,
        1,
        1,
        null,
        null,
        null,
        1,
        1,
        1,
        null,
        null,
        1,
        1,
        null,
        null,
        null
      ],
      "/Users/jenniferwem/Projects/tic-tac-toe-tech-test/spec/player_spec.rb": [
        1,
        null,
        1,
        2,
        null,
        1,
        1,
        1,
        null,
        null,
        null
      ]
    },
    "timestamp": 1501019102
  }
}
